crontab: usage error: no arguments permitted after this option
Usage:
 crontab [options] file
 crontab [options]
 crontab -n [hostname]

Options:
 -u <user>  define user
 -e         edit user's crontab
 -l         list user's crontab
 -r         delete user's crontab
 -i         prompt before deleting
 -n <host>  set host in cluster to run users' crontabs
 -c         get host in cluster to run users' crontabs
 -T <file>  test a crontab file syntax
 -V         print version and exit
 -x <mask>  enable debugging

Default operation is replace, per 1003.2
crond: can't lock /var/run/crond.pid, otherpid may be 9638: Resource temporarily unavailable
crontab: usage error: no arguments permitted after this option
Usage:
 crontab [options] file
 crontab [options]
 crontab -n [hostname]

Options:
 -u <user>  define user
 -e         edit user's crontab
 -l         list user's crontab
 -r         delete user's crontab
 -i         prompt before deleting
 -n <host>  set host in cluster to run users' crontabs
 -c         get host in cluster to run users' crontabs
 -T <file>  test a crontab file syntax
 -V         print version and exit
 -x <mask>  enable debugging

Default operation is replace, per 1003.2
crond: can't lock /var/run/crond.pid, otherpid may be 9638: Resource temporarily unavailable
crontab: usage error: no arguments permitted after this option
Usage:
 crontab [options] file
 crontab [options]
 crontab -n [hostname]

Options:
 -u <user>  define user
 -e         edit user's crontab
 -l         list user's crontab
 -r         delete user's crontab
 -i         prompt before deleting
 -n <host>  set host in cluster to run users' crontabs
 -c         get host in cluster to run users' crontabs
 -T <file>  test a crontab file syntax
 -V         print version and exit
 -x <mask>  enable debugging

Default operation is replace, per 1003.2
crond: can't lock /var/run/crond.pid, otherpid may be 526: Resource temporarily unavailable
