开始初始化 UniCron
初始化脚本执行中...
开始初始化 UniCron
初始化脚本执行中...
开始初始化 UniCron
初始化脚本执行中...
开始初始化 UniCron
好耶！未发现未知 crond 进程
好耶！未发现未知 crontab 进程
初始化脚本执行中...
开始初始化 UniCron
好耶！未发现未知 crontab 进程
初始化脚本执行中...
开始初始化 UniCron
好耶！未发现未知 crontab 进程
初始化脚本执行中...
开始初始化 UniCron
好耶！未发现未知 crontab 进程
初始化脚本执行中...
开始初始化 UniCron
好耶！未发现未知 crontab 进程
初始化脚本执行中...
开始初始化 UniCron
好耶！未发现未知 crontab 进程
初始化脚本执行中...
开始初始化 UniCron
好耶！未发现未知 crontab 进程
初始化脚本执行中...
开始初始化 UniCron
好耶！未发现未知 crontab 进程
初始化脚本执行中...
开始初始化 UniCron
好耶！未发现未知 crontab 进程
初始化脚本执行中...
开始初始化 UniCron
好耶！未发现未知 crontab 进程
初始化脚本执行中...
开始初始化 UniCron
好耶！未发现未知 crond 进程
好耶！未发现未知 crontab 进程
初始化脚本执行中...
开始初始化 UniCron
好耶！未发现未知 crond 进程
好耶！未发现未知 crontab 进程
初始化脚本执行中...
开始初始化 UniCron
好耶！未发现未知 crond 进程
好耶！未发现未知 crontab 进程
初始化脚本执行中...
开始初始化 UniCron
好耶！未发现未知 crontab 进程
初始化脚本执行中...
开始初始化 UniCron
好耶！未发现未知 crontab 进程
初始化脚本执行中...
开始初始化 UniCron
好耶！未发现未知 crontab 进程
初始化脚本执行中...
开始初始化 UniCron
好耶！未发现未知 crontab 进程
初始化脚本执行中...
开始初始化 UniCron
好耶！未发现未知 crond 进程
好耶！未发现未知 crontab 进程
初始化脚本执行中...
开始初始化 UniCron
好耶！未发现未知 crond 进程
好耶！未发现未知 crontab 进程
初始化脚本执行中...
开始初始化 UniCron
好耶！未发现未知 crond 进程
好耶！未发现未知 crontab 进程
初始化脚本执行中...
开始初始化 UniCron
好耶！未发现未知 crond 进程
好耶！未发现未知 crontab 进程
初始化脚本执行中...
开始初始化 UniCron
好耶！未发现未知 crontab 进程
初始化脚本执行中...
开始初始化 UniCron
好耶！未发现未知 crontab 进程
初始化脚本执行中...
开始初始化 UniCron
好耶！未发现未知 crond 进程
好耶！未发现未知 crontab 进程
初始化脚本执行中...
开始初始化 UniCron
检测到未知 crond 进程，加入名单：unknown_process
好耶！未发现未知 crontab 进程
初始化脚本执行中...
开始初始化 UniCron
检测到未知 crond 进程，加入名单：unknown_process
好耶！未发现未知 crontab 进程
初始化脚本执行中...
开始初始化 UniCron
检测到未知 crond 进程，加入名单：unknown_process
好耶！未发现未知 crontab 进程
初始化脚本执行中...
